<?xml version="1.0" encoding="UTF-8"?>
<coverage generated="1761401717484" clover="3.2.0">
  <project timestamp="1761401717484" name="All files">
    <metrics statements="8" coveredstatements="6" conditionals="6" coveredconditionals="3" methods="3" coveredmethods="3" elements="17" coveredelements="12" complexity="0" loc="8" ncloc="8" packages="1" files="1" classes="1"/>
    <file name="index.js" path="C:\Users\Maria Eduarda\inpe-alertas\index.js">
      <metrics statements="8" coveredstatements="6" conditionals="6" coveredconditionals="3" methods="3" coveredmethods="3"/>
      <line num="4" count="3" type="cond" truecount="2" falsecount="0"/>
      <line num="5" count="1" type="cond" truecount="1" falsecount="1"/>
      <line num="6" count="0" type="cond" truecount="0" falsecount="2"/>
      <line num="7" count="0" type="stmt"/>
      <line num="11" count="2" type="stmt"/>
      <line num="15" count="1" type="stmt"/>
      <line num="16" count="1" type="stmt"/>
      <line num="20" count="2" type="stmt"/>
    </file>
  </project>
</coverage>
